[2024-10-16T19:45:38.342+0000] {local_task_job_runner.py:123} INFO - ::group::Pre task execution logs
[2024-10-16T19:45:38.361+0000] {taskinstance.py:2612} INFO - Dependencies all met for dep_context=non-requeueable deps ti=<TaskInstance: main_v10.load_fact_table manual__2024-10-16T19:44:34.744237+00:00 [queued]>
[2024-10-16T19:45:38.370+0000] {taskinstance.py:2612} INFO - Dependencies all met for dep_context=requeueable deps ti=<TaskInstance: main_v10.load_fact_table manual__2024-10-16T19:44:34.744237+00:00 [queued]>
[2024-10-16T19:45:38.370+0000] {taskinstance.py:2865} INFO - Starting attempt 1 of 6
[2024-10-16T19:45:38.494+0000] {taskinstance.py:2888} INFO - Executing <Task(MySqlOperator): load_fact_table> on 2024-10-16 19:44:34.744237+00:00
[2024-10-16T19:45:38.501+0000] {standard_task_runner.py:72} INFO - Started process 2058 to run task
[2024-10-16T19:45:38.506+0000] {standard_task_runner.py:104} INFO - Running: ['***', 'tasks', 'run', 'main_v10', 'load_fact_table', 'manual__2024-10-16T19:44:34.744237+00:00', '--job-id', '93', '--raw', '--subdir', 'DAGS_FOLDER/main.py', '--cfg-path', '/tmp/tmp_n6iqx5t']
[2024-10-16T19:45:38.509+0000] {standard_task_runner.py:105} INFO - Job 93: Subtask load_fact_table
[2024-10-16T19:45:38.557+0000] {task_command.py:467} INFO - Running <TaskInstance: main_v10.load_fact_table manual__2024-10-16T19:44:34.744237+00:00 [running]> on host ff82e7275d8f
[2024-10-16T19:45:38.632+0000] {taskinstance.py:3131} INFO - Exporting env vars: AIRFLOW_CTX_DAG_OWNER='***' AIRFLOW_CTX_DAG_ID='main_v10' AIRFLOW_CTX_TASK_ID='load_fact_table' AIRFLOW_CTX_EXECUTION_DATE='2024-10-16T19:44:34.744237+00:00' AIRFLOW_CTX_TRY_NUMBER='1' AIRFLOW_CTX_DAG_RUN_ID='manual__2024-10-16T19:44:34.744237+00:00'
[2024-10-16T19:45:38.633+0000] {taskinstance.py:731} INFO - ::endgroup::
[2024-10-16T19:45:38.643+0000] {sql.py:274} INFO - Executing: 
    CREATE PROCEDURE load_fact()
    BEGIN
        INSERT INTO jobs_fact (
            job_id,
            employee_id,
            company_id,
            currency_id,
            salary,
            salary_in_usd
        )
        SELECT 
            j.job_id,
            e.employee_id,
            c.company_id,
            cu.currency_id,
            b.salary,
            b.salary_in_usd
        FROM big_table b
        JOIN job_dim j ON j.job_id = b.id
        JOIN employee_dim e ON e.employee_id = b.id
        JOIN company_dim c ON c.company_id = b.id
        JOIN currency_dim cu ON cu.currency_id = b.id;
    END;

    CALL load_fact();
    
[2024-10-16T19:45:38.651+0000] {base.py:84} INFO - Retrieving connection 'mariadb'
[2024-10-16T19:45:38.659+0000] {base.py:84} INFO - Retrieving connection 'mariadb'
[2024-10-16T19:45:38.670+0000] {sql.py:418} INFO - Running statement: 
    CREATE PROCEDURE load_fact()
    BEGIN
        INSERT INTO jobs_fact (
            job_id,
            employee_id,
            company_id,
            currency_id,
            salary,
            salary_in_usd
        )
        SELECT 
            j.job_id,
            e.employee_id,
            c.company_id,
            cu.currency_id,
            b.salary,
            b.salary_in_usd
        FROM big_table b
        JOIN job_dim j ON j.job_id = b.id
        JOIN employee_dim e ON e.employee_id = b.id
        JOIN company_dim c ON c.company_id = b.id
        JOIN currency_dim cu ON cu.currency_id = b.id;
    END;

    CALL load_fact();
    , parameters: None
[2024-10-16T19:45:38.673+0000] {sql.py:427} INFO - Rows affected: 0
[2024-10-16T19:45:38.673+0000] {taskinstance.py:3310} ERROR - Task failed with exception
Traceback (most recent call last):
  File "/home/airflow/.local/lib/python3.8/site-packages/airflow/models/taskinstance.py", line 767, in _execute_task
    result = _execute_callable(context=context, **execute_callable_kwargs)
  File "/home/airflow/.local/lib/python3.8/site-packages/airflow/models/taskinstance.py", line 733, in _execute_callable
    return ExecutionCallableRunner(
  File "/home/airflow/.local/lib/python3.8/site-packages/airflow/utils/operator_helpers.py", line 252, in run
    return self.func(*args, **kwargs)
  File "/home/airflow/.local/lib/python3.8/site-packages/airflow/models/baseoperator.py", line 406, in wrapper
    return func(self, *args, **kwargs)
  File "/home/airflow/.local/lib/python3.8/site-packages/airflow/providers/common/sql/operators/sql.py", line 280, in execute
    output = hook.run(
  File "/home/airflow/.local/lib/python3.8/site-packages/airflow/providers/common/sql/hooks/sql.py", line 401, in run
    self.descriptions.append(cur.description)
  File "/usr/local/lib/python3.8/contextlib.py", line 299, in __exit__
    self.thing.close()
  File "/home/airflow/.local/lib/python3.8/site-packages/MySQLdb/cursors.py", line 103, in close
    self._discard()
  File "/home/airflow/.local/lib/python3.8/site-packages/MySQLdb/cursors.py", line 95, in _discard
    while con.next_result() == 0:  # -1 means no more data.
MySQLdb.ProgrammingError: (1146, "Table 'main.big_table' doesn't exist")
[2024-10-16T19:45:38.686+0000] {taskinstance.py:1225} INFO - Marking task as UP_FOR_RETRY. dag_id=main_v10, task_id=load_fact_table, run_id=manual__2024-10-16T19:44:34.744237+00:00, execution_date=20241016T194434, start_date=20241016T194538, end_date=20241016T194538
[2024-10-16T19:45:38.700+0000] {taskinstance.py:340} INFO - ::group::Post task execution logs
[2024-10-16T19:45:38.701+0000] {standard_task_runner.py:124} ERROR - Failed to execute job 93 for task load_fact_table ((1146, "Table 'main.big_table' doesn't exist"); 2058)
Traceback (most recent call last):
  File "/home/airflow/.local/lib/python3.8/site-packages/airflow/task/task_runner/standard_task_runner.py", line 117, in _start_by_fork
    ret = args.func(args, dag=self.dag)
  File "/home/airflow/.local/lib/python3.8/site-packages/airflow/cli/cli_config.py", line 49, in command
    return func(*args, **kwargs)
  File "/home/airflow/.local/lib/python3.8/site-packages/airflow/utils/cli.py", line 115, in wrapper
    return f(*args, **kwargs)
  File "/home/airflow/.local/lib/python3.8/site-packages/airflow/cli/commands/task_command.py", line 483, in task_run
    task_return_code = _run_task_by_selected_method(args, _dag, ti)
  File "/home/airflow/.local/lib/python3.8/site-packages/airflow/cli/commands/task_command.py", line 256, in _run_task_by_selected_method
    return _run_raw_task(args, ti)
  File "/home/airflow/.local/lib/python3.8/site-packages/airflow/cli/commands/task_command.py", line 341, in _run_raw_task
    return ti._run_raw_task(
  File "/home/airflow/.local/lib/python3.8/site-packages/airflow/utils/session.py", line 97, in wrapper
    return func(*args, session=session, **kwargs)
  File "/home/airflow/.local/lib/python3.8/site-packages/airflow/models/taskinstance.py", line 3004, in _run_raw_task
    return _run_raw_task(
  File "/home/airflow/.local/lib/python3.8/site-packages/airflow/models/taskinstance.py", line 273, in _run_raw_task
    TaskInstance._execute_task_with_callbacks(
  File "/home/airflow/.local/lib/python3.8/site-packages/airflow/models/taskinstance.py", line 3158, in _execute_task_with_callbacks
    result = self._execute_task(context, task_orig)
  File "/home/airflow/.local/lib/python3.8/site-packages/airflow/models/taskinstance.py", line 3182, in _execute_task
    return _execute_task(self, context, task_orig)
  File "/home/airflow/.local/lib/python3.8/site-packages/airflow/models/taskinstance.py", line 767, in _execute_task
    result = _execute_callable(context=context, **execute_callable_kwargs)
  File "/home/airflow/.local/lib/python3.8/site-packages/airflow/models/taskinstance.py", line 733, in _execute_callable
    return ExecutionCallableRunner(
  File "/home/airflow/.local/lib/python3.8/site-packages/airflow/utils/operator_helpers.py", line 252, in run
    return self.func(*args, **kwargs)
  File "/home/airflow/.local/lib/python3.8/site-packages/airflow/models/baseoperator.py", line 406, in wrapper
    return func(self, *args, **kwargs)
  File "/home/airflow/.local/lib/python3.8/site-packages/airflow/providers/common/sql/operators/sql.py", line 280, in execute
    output = hook.run(
  File "/home/airflow/.local/lib/python3.8/site-packages/airflow/providers/common/sql/hooks/sql.py", line 401, in run
    self.descriptions.append(cur.description)
  File "/usr/local/lib/python3.8/contextlib.py", line 299, in __exit__
    self.thing.close()
  File "/home/airflow/.local/lib/python3.8/site-packages/MySQLdb/cursors.py", line 103, in close
    self._discard()
  File "/home/airflow/.local/lib/python3.8/site-packages/MySQLdb/cursors.py", line 95, in _discard
    while con.next_result() == 0:  # -1 means no more data.
MySQLdb.ProgrammingError: (1146, "Table 'main.big_table' doesn't exist")
[2024-10-16T19:45:38.716+0000] {local_task_job_runner.py:266} INFO - Task exited with return code 1
[2024-10-16T19:45:38.748+0000] {taskinstance.py:3900} INFO - 0 downstream tasks scheduled from follow-on schedule check
[2024-10-16T19:45:38.750+0000] {local_task_job_runner.py:245} INFO - ::endgroup::
