[2024-10-15T15:36:44.675+0000] {local_task_job_runner.py:123} INFO - ::group::Pre task execution logs
[2024-10-15T15:36:44.692+0000] {taskinstance.py:2612} INFO - Dependencies all met for dep_context=non-requeueable deps ti=<TaskInstance: main_v07.transform manual__2024-10-15T15:36:32.253896+00:00 [queued]>
[2024-10-15T15:36:44.700+0000] {taskinstance.py:2612} INFO - Dependencies all met for dep_context=requeueable deps ti=<TaskInstance: main_v07.transform manual__2024-10-15T15:36:32.253896+00:00 [queued]>
[2024-10-15T15:36:44.701+0000] {taskinstance.py:2865} INFO - Starting attempt 1 of 6
[2024-10-15T15:36:44.712+0000] {taskinstance.py:2888} INFO - Executing <Task(PythonOperator): transform> on 2024-10-15 15:36:32.253896+00:00
[2024-10-15T15:36:44.718+0000] {standard_task_runner.py:72} INFO - Started process 5092 to run task
[2024-10-15T15:36:44.721+0000] {standard_task_runner.py:104} INFO - Running: ['***', 'tasks', 'run', 'main_v07', 'transform', 'manual__2024-10-15T15:36:32.253896+00:00', '--job-id', '70', '--raw', '--subdir', 'DAGS_FOLDER/main.py', '--cfg-path', '/tmp/tmpp1k7pub4']
[2024-10-15T15:36:44.723+0000] {standard_task_runner.py:105} INFO - Job 70: Subtask transform
[2024-10-15T15:36:44.890+0000] {task_command.py:467} INFO - Running <TaskInstance: main_v07.transform manual__2024-10-15T15:36:32.253896+00:00 [running]> on host aa41fc5ff3d5
[2024-10-15T15:36:44.955+0000] {taskinstance.py:3131} INFO - Exporting env vars: AIRFLOW_CTX_DAG_OWNER='***' AIRFLOW_CTX_DAG_ID='main_v07' AIRFLOW_CTX_TASK_ID='transform' AIRFLOW_CTX_EXECUTION_DATE='2024-10-15T15:36:32.253896+00:00' AIRFLOW_CTX_TRY_NUMBER='1' AIRFLOW_CTX_DAG_RUN_ID='manual__2024-10-15T15:36:32.253896+00:00'
[2024-10-15T15:36:44.956+0000] {taskinstance.py:731} INFO - ::endgroup::
[2024-10-15T15:36:53.197+0000] {logging_mixin.py:190} INFO - root
 |-- work_year: double (nullable = true)
 |-- experience_level: string (nullable = true)
 |-- employment_type: string (nullable = true)
 |-- job_title: string (nullable = true)
 |-- salary: double (nullable = true)
 |-- salary_currency: string (nullable = true)
 |-- salary_in_usd: double (nullable = true)
 |-- employee_residence: string (nullable = true)
 |-- remote_ratio: string (nullable = true)
 |-- company_location: string (nullable = true)
 |-- company_size: string (nullable = true)
[2024-10-15T15:36:53.533+0000] {logging_mixin.py:190} INFO - StructType([StructField('work_year', IntegerType(), True), StructField('experience_level', StringType(), True), StructField('employment_type', StringType(), True), StructField('job_title', StringType(), True), StructField('salary', DoubleType(), True), StructField('salary_currency', StringType(), True), StructField('salary_in_usd', DoubleType(), True), StructField('employee_residence', StringType(), True), StructField('remote_ratio', IntegerType(), True), StructField('company_location', StringType(), True), StructField('company_size', StringType(), True)])
[2024-10-15T15:36:54.612+0000] {taskinstance.py:3310} ERROR - Task failed with exception
Traceback (most recent call last):
  File "/home/airflow/.local/lib/python3.8/site-packages/airflow/models/taskinstance.py", line 767, in _execute_task
    result = _execute_callable(context=context, **execute_callable_kwargs)
  File "/home/airflow/.local/lib/python3.8/site-packages/airflow/models/taskinstance.py", line 733, in _execute_callable
    return ExecutionCallableRunner(
  File "/home/airflow/.local/lib/python3.8/site-packages/airflow/utils/operator_helpers.py", line 252, in run
    return self.func(*args, **kwargs)
  File "/home/airflow/.local/lib/python3.8/site-packages/airflow/models/baseoperator.py", line 406, in wrapper
    return func(self, *args, **kwargs)
  File "/home/airflow/.local/lib/python3.8/site-packages/airflow/operators/python.py", line 238, in execute
    return_value = self.execute_callable()
  File "/home/airflow/.local/lib/python3.8/site-packages/airflow/operators/python.py", line 256, in execute_callable
    return runner.run(*self.op_args, **self.op_kwargs)
  File "/home/airflow/.local/lib/python3.8/site-packages/airflow/utils/operator_helpers.py", line 252, in run
    return self.func(*args, **kwargs)
  File "/opt/airflow/scripts/transform/transform.py", line 38, in transform_data
    df.toPandas().to_csv('/opt/airflow/data/final/final.csv', sep=',', header=True, index=False)
  File "/home/airflow/.local/lib/python3.8/site-packages/pandas/core/generic.py", line 3772, in to_csv
    return DataFrameRenderer(formatter).to_csv(
  File "/home/airflow/.local/lib/python3.8/site-packages/pandas/io/formats/format.py", line 1186, in to_csv
    csv_formatter.save()
  File "/home/airflow/.local/lib/python3.8/site-packages/pandas/io/formats/csvs.py", line 240, in save
    with get_handle(
  File "/home/airflow/.local/lib/python3.8/site-packages/pandas/io/common.py", line 859, in get_handle
    handle = open(
PermissionError: [Errno 13] Permission denied: '/opt/airflow/data/final/final.csv'
[2024-10-15T15:36:54.627+0000] {taskinstance.py:1225} INFO - Marking task as UP_FOR_RETRY. dag_id=main_v07, task_id=transform, run_id=manual__2024-10-15T15:36:32.253896+00:00, execution_date=20241015T153632, start_date=20241015T153644, end_date=20241015T153654
[2024-10-15T15:36:54.642+0000] {taskinstance.py:340} INFO - ::group::Post task execution logs
[2024-10-15T15:36:54.642+0000] {standard_task_runner.py:124} ERROR - Failed to execute job 70 for task transform ([Errno 13] Permission denied: '/opt/airflow/data/final/final.csv'; 5092)
Traceback (most recent call last):
  File "/home/airflow/.local/lib/python3.8/site-packages/airflow/task/task_runner/standard_task_runner.py", line 117, in _start_by_fork
    ret = args.func(args, dag=self.dag)
  File "/home/airflow/.local/lib/python3.8/site-packages/airflow/cli/cli_config.py", line 49, in command
    return func(*args, **kwargs)
  File "/home/airflow/.local/lib/python3.8/site-packages/airflow/utils/cli.py", line 115, in wrapper
    return f(*args, **kwargs)
  File "/home/airflow/.local/lib/python3.8/site-packages/airflow/cli/commands/task_command.py", line 483, in task_run
    task_return_code = _run_task_by_selected_method(args, _dag, ti)
  File "/home/airflow/.local/lib/python3.8/site-packages/airflow/cli/commands/task_command.py", line 256, in _run_task_by_selected_method
    return _run_raw_task(args, ti)
  File "/home/airflow/.local/lib/python3.8/site-packages/airflow/cli/commands/task_command.py", line 341, in _run_raw_task
    return ti._run_raw_task(
  File "/home/airflow/.local/lib/python3.8/site-packages/airflow/utils/session.py", line 97, in wrapper
    return func(*args, session=session, **kwargs)
  File "/home/airflow/.local/lib/python3.8/site-packages/airflow/models/taskinstance.py", line 3004, in _run_raw_task
    return _run_raw_task(
  File "/home/airflow/.local/lib/python3.8/site-packages/airflow/models/taskinstance.py", line 273, in _run_raw_task
    TaskInstance._execute_task_with_callbacks(
  File "/home/airflow/.local/lib/python3.8/site-packages/airflow/models/taskinstance.py", line 3158, in _execute_task_with_callbacks
    result = self._execute_task(context, task_orig)
  File "/home/airflow/.local/lib/python3.8/site-packages/airflow/models/taskinstance.py", line 3182, in _execute_task
    return _execute_task(self, context, task_orig)
  File "/home/airflow/.local/lib/python3.8/site-packages/airflow/models/taskinstance.py", line 767, in _execute_task
    result = _execute_callable(context=context, **execute_callable_kwargs)
  File "/home/airflow/.local/lib/python3.8/site-packages/airflow/models/taskinstance.py", line 733, in _execute_callable
    return ExecutionCallableRunner(
  File "/home/airflow/.local/lib/python3.8/site-packages/airflow/utils/operator_helpers.py", line 252, in run
    return self.func(*args, **kwargs)
  File "/home/airflow/.local/lib/python3.8/site-packages/airflow/models/baseoperator.py", line 406, in wrapper
    return func(self, *args, **kwargs)
  File "/home/airflow/.local/lib/python3.8/site-packages/airflow/operators/python.py", line 238, in execute
    return_value = self.execute_callable()
  File "/home/airflow/.local/lib/python3.8/site-packages/airflow/operators/python.py", line 256, in execute_callable
    return runner.run(*self.op_args, **self.op_kwargs)
  File "/home/airflow/.local/lib/python3.8/site-packages/airflow/utils/operator_helpers.py", line 252, in run
    return self.func(*args, **kwargs)
  File "/opt/airflow/scripts/transform/transform.py", line 38, in transform_data
    df.toPandas().to_csv('/opt/airflow/data/final/final.csv', sep=',', header=True, index=False)
  File "/home/airflow/.local/lib/python3.8/site-packages/pandas/core/generic.py", line 3772, in to_csv
    return DataFrameRenderer(formatter).to_csv(
  File "/home/airflow/.local/lib/python3.8/site-packages/pandas/io/formats/format.py", line 1186, in to_csv
    csv_formatter.save()
  File "/home/airflow/.local/lib/python3.8/site-packages/pandas/io/formats/csvs.py", line 240, in save
    with get_handle(
  File "/home/airflow/.local/lib/python3.8/site-packages/pandas/io/common.py", line 859, in get_handle
    handle = open(
PermissionError: [Errno 13] Permission denied: '/opt/airflow/data/final/final.csv'
[2024-10-15T15:36:54.698+0000] {local_task_job_runner.py:266} INFO - Task exited with return code 1
[2024-10-15T15:36:54.719+0000] {taskinstance.py:3900} INFO - 0 downstream tasks scheduled from follow-on schedule check
[2024-10-15T15:36:54.721+0000] {local_task_job_runner.py:245} INFO - ::endgroup::
[2024-10-15T15:36:54.732+0000] {standard_task_runner.py:217} INFO - Process not found (most likely exited), stop collecting metrics
