[2024-10-15T17:41:09.357+0000] {local_task_job_runner.py:123} INFO - ::group::Pre task execution logs
[2024-10-15T17:41:09.376+0000] {taskinstance.py:2612} INFO - Dependencies all met for dep_context=non-requeueable deps ti=<TaskInstance: main_v09.create_fact_table manual__2024-10-15T17:41:07.322116+00:00 [queued]>
[2024-10-15T17:41:09.383+0000] {taskinstance.py:2612} INFO - Dependencies all met for dep_context=requeueable deps ti=<TaskInstance: main_v09.create_fact_table manual__2024-10-15T17:41:07.322116+00:00 [queued]>
[2024-10-15T17:41:09.383+0000] {taskinstance.py:2865} INFO - Starting attempt 1 of 6
[2024-10-15T17:41:09.512+0000] {taskinstance.py:2888} INFO - Executing <Task(MySqlOperator): create_fact_table> on 2024-10-15 17:41:07.322116+00:00
[2024-10-15T17:41:09.519+0000] {standard_task_runner.py:72} INFO - Started process 397 to run task
[2024-10-15T17:41:09.524+0000] {standard_task_runner.py:104} INFO - Running: ['***', 'tasks', 'run', 'main_v09', 'create_fact_table', 'manual__2024-10-15T17:41:07.322116+00:00', '--job-id', '17', '--raw', '--subdir', 'DAGS_FOLDER/main.py', '--cfg-path', '/tmp/tmpv5wf5v94']
[2024-10-15T17:41:09.527+0000] {standard_task_runner.py:105} INFO - Job 17: Subtask create_fact_table
[2024-10-15T17:41:09.578+0000] {task_command.py:467} INFO - Running <TaskInstance: main_v09.create_fact_table manual__2024-10-15T17:41:07.322116+00:00 [running]> on host d4bd6f97aac1
[2024-10-15T17:41:09.644+0000] {taskinstance.py:3131} INFO - Exporting env vars: AIRFLOW_CTX_DAG_OWNER='***' AIRFLOW_CTX_DAG_ID='main_v09' AIRFLOW_CTX_TASK_ID='create_fact_table' AIRFLOW_CTX_EXECUTION_DATE='2024-10-15T17:41:07.322116+00:00' AIRFLOW_CTX_TRY_NUMBER='1' AIRFLOW_CTX_DAG_RUN_ID='manual__2024-10-15T17:41:07.322116+00:00'
[2024-10-15T17:41:09.644+0000] {taskinstance.py:731} INFO - ::endgroup::
[2024-10-15T17:41:09.657+0000] {sql.py:274} INFO - Executing: 
    USE main;
    
    CREATE TABLE IF NOT EXISTS jobs_fact (
        fact_id INT AUTO_INCREMENT PRIMARY KEY,
        job_id INT,
        employee_id INT,
        company_id INT,
        currency_id INT,
        salary DECIMAL(15, 2) NOT NULL,
        salary_in_usd DECIMAL(15, 2) NOT NULL
    );
    
[2024-10-15T17:41:09.665+0000] {base.py:84} INFO - Retrieving connection 'mariadb'
[2024-10-15T17:41:09.672+0000] {base.py:84} INFO - Retrieving connection 'mariadb'
[2024-10-15T17:41:09.684+0000] {sql.py:418} INFO - Running statement: 
    USE main;
    
    CREATE TABLE IF NOT EXISTS jobs_fact (
        fact_id INT AUTO_INCREMENT PRIMARY KEY,
        job_id INT,
        employee_id INT,
        company_id INT,
        currency_id INT,
        salary DECIMAL(15, 2) NOT NULL,
        salary_in_usd DECIMAL(15, 2) NOT NULL
    );
    , parameters: None
[2024-10-15T17:41:09.685+0000] {sql.py:427} INFO - Rows affected: 0
[2024-10-15T17:41:09.701+0000] {taskinstance.py:340} INFO - ::group::Post task execution logs
[2024-10-15T17:41:09.701+0000] {taskinstance.py:352} INFO - Marking task as SUCCESS. dag_id=main_v09, task_id=create_fact_table, run_id=manual__2024-10-15T17:41:07.322116+00:00, execution_date=20241015T174107, start_date=20241015T174109, end_date=20241015T174109
[2024-10-15T17:41:09.734+0000] {local_task_job_runner.py:266} INFO - Task exited with return code 0
[2024-10-15T17:41:09.747+0000] {local_task_job_runner.py:245} INFO - ::endgroup::
