[2024-10-15T17:38:58.034+0000] {local_task_job_runner.py:123} INFO - ::group::Pre task execution logs
[2024-10-15T17:38:58.053+0000] {taskinstance.py:2612} INFO - Dependencies all met for dep_context=non-requeueable deps ti=<TaskInstance: main_v09.create_archive_function manual__2024-10-15T17:38:54.683502+00:00 [queued]>
[2024-10-15T17:38:58.062+0000] {taskinstance.py:2612} INFO - Dependencies all met for dep_context=requeueable deps ti=<TaskInstance: main_v09.create_archive_function manual__2024-10-15T17:38:54.683502+00:00 [queued]>
[2024-10-15T17:38:58.062+0000] {taskinstance.py:2865} INFO - Starting attempt 1 of 6
[2024-10-15T17:38:58.199+0000] {taskinstance.py:2888} INFO - Executing <Task(PostgresOperator): create_archive_function> on 2024-10-15 17:38:54.683502+00:00
[2024-10-15T17:38:58.205+0000] {standard_task_runner.py:72} INFO - Started process 336 to run task
[2024-10-15T17:38:58.212+0000] {standard_task_runner.py:104} INFO - Running: ['***', 'tasks', 'run', 'main_v09', 'create_archive_function', 'manual__2024-10-15T17:38:54.683502+00:00', '--job-id', '13', '--raw', '--subdir', 'DAGS_FOLDER/main.py', '--cfg-path', '/tmp/tmphwkad4s2']
[2024-10-15T17:38:58.217+0000] {standard_task_runner.py:105} INFO - Job 13: Subtask create_archive_function
[2024-10-15T17:38:58.272+0000] {task_command.py:467} INFO - Running <TaskInstance: main_v09.create_archive_function manual__2024-10-15T17:38:54.683502+00:00 [running]> on host d4bd6f97aac1
[2024-10-15T17:38:58.341+0000] {taskinstance.py:3131} INFO - Exporting env vars: AIRFLOW_CTX_DAG_OWNER='***' AIRFLOW_CTX_DAG_ID='main_v09' AIRFLOW_CTX_TASK_ID='create_archive_function' AIRFLOW_CTX_EXECUTION_DATE='2024-10-15T17:38:54.683502+00:00' AIRFLOW_CTX_TRY_NUMBER='1' AIRFLOW_CTX_DAG_RUN_ID='manual__2024-10-15T17:38:54.683502+00:00'
[2024-10-15T17:38:58.342+0000] {taskinstance.py:731} INFO - ::endgroup::
[2024-10-15T17:38:58.353+0000] {sql.py:274} INFO - Executing: 
    CREATE OR REPLACE FUNCTION archive_old_data()
    RETURNS void AS $$
    BEGIN
        INSERT INTO archived_staging_data
        SELECT * FROM staging_data 
        WHERE load_time < current_timestamp - INTERVAL '1 hour';

        DELETE FROM staging_data
        WHERE load_time < current_timestamp - INTERVAL '1 hour';
    END;
    $$ LANGUAGE PLPGSQL;
    
[2024-10-15T17:38:58.363+0000] {base.py:84} INFO - Retrieving connection 'postgresid'
[2024-10-15T17:38:58.374+0000] {base.py:84} INFO - Retrieving connection 'postgresid'
[2024-10-15T17:38:58.379+0000] {sql.py:418} INFO - Running statement: 
    CREATE OR REPLACE FUNCTION archive_old_data()
    RETURNS void AS $$
    BEGIN
        INSERT INTO archived_staging_data
        SELECT * FROM staging_data 
        WHERE load_time < current_timestamp - INTERVAL '1 hour';

        DELETE FROM staging_data
        WHERE load_time < current_timestamp - INTERVAL '1 hour';
    END;
    $$ LANGUAGE PLPGSQL;
    , parameters: None
[2024-10-15T17:38:58.395+0000] {taskinstance.py:340} INFO - ::group::Post task execution logs
[2024-10-15T17:38:58.395+0000] {taskinstance.py:352} INFO - Marking task as SUCCESS. dag_id=main_v09, task_id=create_archive_function, run_id=manual__2024-10-15T17:38:54.683502+00:00, execution_date=20241015T173854, start_date=20241015T173858, end_date=20241015T173858
[2024-10-15T17:38:58.421+0000] {local_task_job_runner.py:266} INFO - Task exited with return code 0
[2024-10-15T17:38:58.464+0000] {taskinstance.py:3900} INFO - 1 downstream tasks scheduled from follow-on schedule check
[2024-10-15T17:38:58.466+0000] {local_task_job_runner.py:245} INFO - ::endgroup::
