[2024-10-15T17:38:56.834+0000] {local_task_job_runner.py:123} INFO - ::group::Pre task execution logs
[2024-10-15T17:38:56.850+0000] {taskinstance.py:2612} INFO - Dependencies all met for dep_context=non-requeueable deps ti=<TaskInstance: main_v09.create_archived_schema manual__2024-10-15T17:38:54.683502+00:00 [queued]>
[2024-10-15T17:38:56.859+0000] {taskinstance.py:2612} INFO - Dependencies all met for dep_context=requeueable deps ti=<TaskInstance: main_v09.create_archived_schema manual__2024-10-15T17:38:54.683502+00:00 [queued]>
[2024-10-15T17:38:56.859+0000] {taskinstance.py:2865} INFO - Starting attempt 1 of 6
[2024-10-15T17:38:56.984+0000] {taskinstance.py:2888} INFO - Executing <Task(PostgresOperator): create_archived_schema> on 2024-10-15 17:38:54.683502+00:00
[2024-10-15T17:38:56.990+0000] {standard_task_runner.py:72} INFO - Started process 333 to run task
[2024-10-15T17:38:56.998+0000] {standard_task_runner.py:104} INFO - Running: ['***', 'tasks', 'run', 'main_v09', 'create_archived_schema', 'manual__2024-10-15T17:38:54.683502+00:00', '--job-id', '12', '--raw', '--subdir', 'DAGS_FOLDER/main.py', '--cfg-path', '/tmp/tmpkmn7nvdz']
[2024-10-15T17:38:57.000+0000] {standard_task_runner.py:105} INFO - Job 12: Subtask create_archived_schema
[2024-10-15T17:38:57.043+0000] {task_command.py:467} INFO - Running <TaskInstance: main_v09.create_archived_schema manual__2024-10-15T17:38:54.683502+00:00 [running]> on host d4bd6f97aac1
[2024-10-15T17:38:57.115+0000] {taskinstance.py:3131} INFO - Exporting env vars: AIRFLOW_CTX_DAG_OWNER='***' AIRFLOW_CTX_DAG_ID='main_v09' AIRFLOW_CTX_TASK_ID='create_archived_schema' AIRFLOW_CTX_EXECUTION_DATE='2024-10-15T17:38:54.683502+00:00' AIRFLOW_CTX_TRY_NUMBER='1' AIRFLOW_CTX_DAG_RUN_ID='manual__2024-10-15T17:38:54.683502+00:00'
[2024-10-15T17:38:57.115+0000] {taskinstance.py:731} INFO - ::endgroup::
[2024-10-15T17:38:57.126+0000] {sql.py:274} INFO - Executing: 
    CREATE TABLE IF NOT EXISTS archived_staging_data (
        work_year INT,
        experience_level VARCHAR(50),
        employment_type VARCHAR(50),
        job_title VARCHAR(100),
        salary DECIMAL(10, 2),
        salary_currency VARCHAR(10),
        salary_in_usd DECIMAL(10, 2),
        employee_residence VARCHAR(100),
        remote_ratio INT CHECK (remote_ratio IN (0, 50, 100)),
        company_location VARCHAR(100),
        company_size CHAR(1) CHECK (company_size IN ('S', 'M', 'L')),
        load_time TIMESTAMP WITH TIME ZONE DEFAULT CURRENT_TIMESTAMP
    );
    
[2024-10-15T17:38:57.134+0000] {base.py:84} INFO - Retrieving connection 'postgresid'
[2024-10-15T17:38:57.144+0000] {base.py:84} INFO - Retrieving connection 'postgresid'
[2024-10-15T17:38:57.150+0000] {sql.py:418} INFO - Running statement: 
    CREATE TABLE IF NOT EXISTS archived_staging_data (
        work_year INT,
        experience_level VARCHAR(50),
        employment_type VARCHAR(50),
        job_title VARCHAR(100),
        salary DECIMAL(10, 2),
        salary_currency VARCHAR(10),
        salary_in_usd DECIMAL(10, 2),
        employee_residence VARCHAR(100),
        remote_ratio INT CHECK (remote_ratio IN (0, 50, 100)),
        company_location VARCHAR(100),
        company_size CHAR(1) CHECK (company_size IN ('S', 'M', 'L')),
        load_time TIMESTAMP WITH TIME ZONE DEFAULT CURRENT_TIMESTAMP
    );
    , parameters: None
[2024-10-15T17:38:57.161+0000] {taskinstance.py:340} INFO - ::group::Post task execution logs
[2024-10-15T17:38:57.161+0000] {taskinstance.py:352} INFO - Marking task as SUCCESS. dag_id=main_v09, task_id=create_archived_schema, run_id=manual__2024-10-15T17:38:54.683502+00:00, execution_date=20241015T173854, start_date=20241015T173856, end_date=20241015T173857
[2024-10-15T17:38:57.206+0000] {local_task_job_runner.py:266} INFO - Task exited with return code 0
[2024-10-15T17:38:57.237+0000] {taskinstance.py:3900} INFO - 1 downstream tasks scheduled from follow-on schedule check
[2024-10-15T17:38:57.239+0000] {local_task_job_runner.py:245} INFO - ::endgroup::
