[2024-10-16T19:47:21.589+0000] {local_task_job_runner.py:123} INFO - ::group::Pre task execution logs
[2024-10-16T19:47:21.606+0000] {taskinstance.py:2612} INFO - Dependencies all met for dep_context=non-requeueable deps ti=<TaskInstance: main_v10.create_fact_table manual__2024-10-16T19:47:19.764937+00:00 [queued]>
[2024-10-16T19:47:21.615+0000] {taskinstance.py:2612} INFO - Dependencies all met for dep_context=requeueable deps ti=<TaskInstance: main_v10.create_fact_table manual__2024-10-16T19:47:19.764937+00:00 [queued]>
[2024-10-16T19:47:21.615+0000] {taskinstance.py:2865} INFO - Starting attempt 1 of 6
[2024-10-16T19:47:21.767+0000] {taskinstance.py:2888} INFO - Executing <Task(MySqlOperator): create_fact_table> on 2024-10-16 19:47:19.764937+00:00
[2024-10-16T19:47:21.775+0000] {standard_task_runner.py:72} INFO - Started process 2111 to run task
[2024-10-16T19:47:21.780+0000] {standard_task_runner.py:104} INFO - Running: ['***', 'tasks', 'run', 'main_v10', 'create_fact_table', 'manual__2024-10-16T19:47:19.764937+00:00', '--job-id', '96', '--raw', '--subdir', 'DAGS_FOLDER/main.py', '--cfg-path', '/tmp/tmp734358ux']
[2024-10-16T19:47:21.784+0000] {standard_task_runner.py:105} INFO - Job 96: Subtask create_fact_table
[2024-10-16T19:47:21.831+0000] {task_command.py:467} INFO - Running <TaskInstance: main_v10.create_fact_table manual__2024-10-16T19:47:19.764937+00:00 [running]> on host ff82e7275d8f
[2024-10-16T19:47:21.909+0000] {taskinstance.py:3131} INFO - Exporting env vars: AIRFLOW_CTX_DAG_OWNER='***' AIRFLOW_CTX_DAG_ID='main_v10' AIRFLOW_CTX_TASK_ID='create_fact_table' AIRFLOW_CTX_EXECUTION_DATE='2024-10-16T19:47:19.764937+00:00' AIRFLOW_CTX_TRY_NUMBER='1' AIRFLOW_CTX_DAG_RUN_ID='manual__2024-10-16T19:47:19.764937+00:00'
[2024-10-16T19:47:21.910+0000] {taskinstance.py:731} INFO - ::endgroup::
[2024-10-16T19:47:21.921+0000] {sql.py:274} INFO - Executing: 
    USE main;
    
    CREATE TABLE IF NOT EXISTS jobs_fact (
        fact_id INT AUTO_INCREMENT PRIMARY KEY,
        job_id INT,
        employee_id INT,
        company_id INT,
        currency_id INT,
        salary DECIMAL(15, 2) NOT NULL,
        salary_in_usd DECIMAL(15, 2) NOT NULL
    );
    
[2024-10-16T19:47:21.931+0000] {base.py:84} INFO - Retrieving connection 'mariadb'
[2024-10-16T19:47:21.940+0000] {base.py:84} INFO - Retrieving connection 'mariadb'
[2024-10-16T19:47:21.952+0000] {sql.py:418} INFO - Running statement: 
    USE main;
    
    CREATE TABLE IF NOT EXISTS jobs_fact (
        fact_id INT AUTO_INCREMENT PRIMARY KEY,
        job_id INT,
        employee_id INT,
        company_id INT,
        currency_id INT,
        salary DECIMAL(15, 2) NOT NULL,
        salary_in_usd DECIMAL(15, 2) NOT NULL
    );
    , parameters: None
[2024-10-16T19:47:21.953+0000] {sql.py:427} INFO - Rows affected: 0
[2024-10-16T19:47:21.965+0000] {taskinstance.py:340} INFO - ::group::Post task execution logs
[2024-10-16T19:47:21.965+0000] {taskinstance.py:352} INFO - Marking task as SUCCESS. dag_id=main_v10, task_id=create_fact_table, run_id=manual__2024-10-16T19:47:19.764937+00:00, execution_date=20241016T194719, start_date=20241016T194721, end_date=20241016T194721
[2024-10-16T19:47:21.990+0000] {local_task_job_runner.py:266} INFO - Task exited with return code 0
[2024-10-16T19:47:22.033+0000] {taskinstance.py:3900} INFO - 0 downstream tasks scheduled from follow-on schedule check
[2024-10-16T19:47:22.034+0000] {local_task_job_runner.py:245} INFO - ::endgroup::
