[2024-10-15T17:41:11.679+0000] {local_task_job_runner.py:123} INFO - ::group::Pre task execution logs
[2024-10-15T17:41:11.701+0000] {taskinstance.py:2612} INFO - Dependencies all met for dep_context=non-requeueable deps ti=<TaskInstance: main_v09.run_archive_function manual__2024-10-15T17:41:07.322116+00:00 [queued]>
[2024-10-15T17:41:11.710+0000] {taskinstance.py:2612} INFO - Dependencies all met for dep_context=requeueable deps ti=<TaskInstance: main_v09.run_archive_function manual__2024-10-15T17:41:07.322116+00:00 [queued]>
[2024-10-15T17:41:11.711+0000] {taskinstance.py:2865} INFO - Starting attempt 1 of 6
[2024-10-15T17:41:11.833+0000] {taskinstance.py:2888} INFO - Executing <Task(PostgresOperator): run_archive_function> on 2024-10-15 17:41:07.322116+00:00
[2024-10-15T17:41:11.839+0000] {standard_task_runner.py:72} INFO - Started process 408 to run task
[2024-10-15T17:41:11.846+0000] {standard_task_runner.py:104} INFO - Running: ['***', 'tasks', 'run', 'main_v09', 'run_archive_function', 'manual__2024-10-15T17:41:07.322116+00:00', '--job-id', '21', '--raw', '--subdir', 'DAGS_FOLDER/main.py', '--cfg-path', '/tmp/tmpbuiif_x7']
[2024-10-15T17:41:11.851+0000] {standard_task_runner.py:105} INFO - Job 21: Subtask run_archive_function
[2024-10-15T17:41:11.905+0000] {task_command.py:467} INFO - Running <TaskInstance: main_v09.run_archive_function manual__2024-10-15T17:41:07.322116+00:00 [running]> on host d4bd6f97aac1
[2024-10-15T17:41:11.983+0000] {taskinstance.py:3131} INFO - Exporting env vars: AIRFLOW_CTX_DAG_OWNER='***' AIRFLOW_CTX_DAG_ID='main_v09' AIRFLOW_CTX_TASK_ID='run_archive_function' AIRFLOW_CTX_EXECUTION_DATE='2024-10-15T17:41:07.322116+00:00' AIRFLOW_CTX_TRY_NUMBER='1' AIRFLOW_CTX_DAG_RUN_ID='manual__2024-10-15T17:41:07.322116+00:00'
[2024-10-15T17:41:11.984+0000] {taskinstance.py:731} INFO - ::endgroup::
[2024-10-15T17:41:11.995+0000] {sql.py:274} INFO - Executing: SELECT archive_old_data();
[2024-10-15T17:41:12.004+0000] {base.py:84} INFO - Retrieving connection 'postgresid'
[2024-10-15T17:41:12.013+0000] {base.py:84} INFO - Retrieving connection 'postgresid'
[2024-10-15T17:41:12.017+0000] {sql.py:418} INFO - Running statement: SELECT archive_old_data();, parameters: None
[2024-10-15T17:41:12.019+0000] {sql.py:427} INFO - Rows affected: 1
[2024-10-15T17:41:12.046+0000] {taskinstance.py:340} INFO - ::group::Post task execution logs
[2024-10-15T17:41:12.047+0000] {taskinstance.py:352} INFO - Marking task as SUCCESS. dag_id=main_v09, task_id=run_archive_function, run_id=manual__2024-10-15T17:41:07.322116+00:00, execution_date=20241015T174107, start_date=20241015T174111, end_date=20241015T174112
[2024-10-15T17:41:12.095+0000] {local_task_job_runner.py:266} INFO - Task exited with return code 0
[2024-10-15T17:41:12.127+0000] {taskinstance.py:3900} INFO - 0 downstream tasks scheduled from follow-on schedule check
[2024-10-15T17:41:12.129+0000] {local_task_job_runner.py:245} INFO - ::endgroup::
