[2024-10-16T19:44:37.314+0000] {local_task_job_runner.py:123} INFO - ::group::Pre task execution logs
[2024-10-16T19:44:37.331+0000] {taskinstance.py:2612} INFO - Dependencies all met for dep_context=non-requeueable deps ti=<TaskInstance: main_v10.create_fact_table manual__2024-10-16T19:44:34.744237+00:00 [queued]>
[2024-10-16T19:44:37.340+0000] {taskinstance.py:2612} INFO - Dependencies all met for dep_context=requeueable deps ti=<TaskInstance: main_v10.create_fact_table manual__2024-10-16T19:44:34.744237+00:00 [queued]>
[2024-10-16T19:44:37.340+0000] {taskinstance.py:2865} INFO - Starting attempt 1 of 6
[2024-10-16T19:44:37.473+0000] {taskinstance.py:2888} INFO - Executing <Task(MySqlOperator): create_fact_table> on 2024-10-16 19:44:34.744237+00:00
[2024-10-16T19:44:37.479+0000] {standard_task_runner.py:72} INFO - Started process 1096 to run task
[2024-10-16T19:44:37.483+0000] {standard_task_runner.py:104} INFO - Running: ['***', 'tasks', 'run', 'main_v10', 'create_fact_table', 'manual__2024-10-16T19:44:34.744237+00:00', '--job-id', '85', '--raw', '--subdir', 'DAGS_FOLDER/main.py', '--cfg-path', '/tmp/tmpzm_tikxq']
[2024-10-16T19:44:37.485+0000] {standard_task_runner.py:105} INFO - Job 85: Subtask create_fact_table
[2024-10-16T19:44:37.526+0000] {task_command.py:467} INFO - Running <TaskInstance: main_v10.create_fact_table manual__2024-10-16T19:44:34.744237+00:00 [running]> on host ff82e7275d8f
[2024-10-16T19:44:37.598+0000] {taskinstance.py:3131} INFO - Exporting env vars: AIRFLOW_CTX_DAG_OWNER='***' AIRFLOW_CTX_DAG_ID='main_v10' AIRFLOW_CTX_TASK_ID='create_fact_table' AIRFLOW_CTX_EXECUTION_DATE='2024-10-16T19:44:34.744237+00:00' AIRFLOW_CTX_TRY_NUMBER='1' AIRFLOW_CTX_DAG_RUN_ID='manual__2024-10-16T19:44:34.744237+00:00'
[2024-10-16T19:44:37.599+0000] {taskinstance.py:731} INFO - ::endgroup::
[2024-10-16T19:44:37.609+0000] {sql.py:274} INFO - Executing: 
    USE main;
    
    CREATE TABLE IF NOT EXISTS jobs_fact (
        fact_id INT AUTO_INCREMENT PRIMARY KEY,
        job_id INT,
        employee_id INT,
        company_id INT,
        currency_id INT,
        salary DECIMAL(15, 2) NOT NULL,
        salary_in_usd DECIMAL(15, 2) NOT NULL
    );
    
[2024-10-16T19:44:37.618+0000] {base.py:84} INFO - Retrieving connection 'mariadb'
[2024-10-16T19:44:37.624+0000] {base.py:84} INFO - Retrieving connection 'mariadb'
[2024-10-16T19:44:37.637+0000] {sql.py:418} INFO - Running statement: 
    USE main;
    
    CREATE TABLE IF NOT EXISTS jobs_fact (
        fact_id INT AUTO_INCREMENT PRIMARY KEY,
        job_id INT,
        employee_id INT,
        company_id INT,
        currency_id INT,
        salary DECIMAL(15, 2) NOT NULL,
        salary_in_usd DECIMAL(15, 2) NOT NULL
    );
    , parameters: None
[2024-10-16T19:44:37.637+0000] {sql.py:427} INFO - Rows affected: 0
[2024-10-16T19:44:37.645+0000] {taskinstance.py:340} INFO - ::group::Post task execution logs
[2024-10-16T19:44:37.645+0000] {taskinstance.py:352} INFO - Marking task as SUCCESS. dag_id=main_v10, task_id=create_fact_table, run_id=manual__2024-10-16T19:44:34.744237+00:00, execution_date=20241016T194434, start_date=20241016T194437, end_date=20241016T194437
[2024-10-16T19:44:37.695+0000] {local_task_job_runner.py:266} INFO - Task exited with return code 0
[2024-10-16T19:44:37.747+0000] {taskinstance.py:3900} INFO - 0 downstream tasks scheduled from follow-on schedule check
[2024-10-16T19:44:37.749+0000] {local_task_job_runner.py:245} INFO - ::endgroup::
