[2024-10-16T11:36:16.925+0000] {local_task_job_runner.py:123} INFO - ::group::Pre task execution logs
[2024-10-16T11:36:16.947+0000] {taskinstance.py:2612} INFO - Dependencies all met for dep_context=non-requeueable deps ti=<TaskInstance: main_v10.create_archived_schema manual__2024-10-16T11:36:15.228774+00:00 [queued]>
[2024-10-16T11:36:16.956+0000] {taskinstance.py:2612} INFO - Dependencies all met for dep_context=requeueable deps ti=<TaskInstance: main_v10.create_archived_schema manual__2024-10-16T11:36:15.228774+00:00 [queued]>
[2024-10-16T11:36:16.956+0000] {taskinstance.py:2865} INFO - Starting attempt 1 of 6
[2024-10-16T11:36:17.092+0000] {taskinstance.py:2888} INFO - Executing <Task(PostgresOperator): create_archived_schema> on 2024-10-16 11:36:15.228774+00:00
[2024-10-16T11:36:17.099+0000] {standard_task_runner.py:72} INFO - Started process 733 to run task
[2024-10-16T11:36:17.102+0000] {standard_task_runner.py:104} INFO - Running: ['***', 'tasks', 'run', 'main_v10', 'create_archived_schema', 'manual__2024-10-16T11:36:15.228774+00:00', '--job-id', '69', '--raw', '--subdir', 'DAGS_FOLDER/main.py', '--cfg-path', '/tmp/tmpypl4mj7p']
[2024-10-16T11:36:17.104+0000] {standard_task_runner.py:105} INFO - Job 69: Subtask create_archived_schema
[2024-10-16T11:36:17.162+0000] {task_command.py:467} INFO - Running <TaskInstance: main_v10.create_archived_schema manual__2024-10-16T11:36:15.228774+00:00 [running]> on host d4bd6f97aac1
[2024-10-16T11:36:17.231+0000] {taskinstance.py:3131} INFO - Exporting env vars: AIRFLOW_CTX_DAG_OWNER='***' AIRFLOW_CTX_DAG_ID='main_v10' AIRFLOW_CTX_TASK_ID='create_archived_schema' AIRFLOW_CTX_EXECUTION_DATE='2024-10-16T11:36:15.228774+00:00' AIRFLOW_CTX_TRY_NUMBER='1' AIRFLOW_CTX_DAG_RUN_ID='manual__2024-10-16T11:36:15.228774+00:00'
[2024-10-16T11:36:17.232+0000] {taskinstance.py:731} INFO - ::endgroup::
[2024-10-16T11:36:17.243+0000] {sql.py:274} INFO - Executing: 
    CREATE TABLE IF NOT EXISTS archived_staging_data (
        work_year INT,
        experience_level VARCHAR(50),
        employment_type VARCHAR(50),
        job_title VARCHAR(100),
        salary DECIMAL(10, 2),
        salary_currency VARCHAR(10),
        salary_in_usd DECIMAL(10, 2),
        employee_residence VARCHAR(100),
        remote_ratio INT CHECK (remote_ratio IN (0, 50, 100)),
        company_location VARCHAR(100),
        company_size CHAR(1) CHECK (company_size IN ('S', 'M', 'L')),
        load_time TIMESTAMP WITH TIME ZONE DEFAULT CURRENT_TIMESTAMP
    );
    
[2024-10-16T11:36:17.252+0000] {base.py:84} INFO - Retrieving connection 'postgresid'
[2024-10-16T11:36:17.259+0000] {base.py:84} INFO - Retrieving connection 'postgresid'
[2024-10-16T11:36:17.263+0000] {sql.py:418} INFO - Running statement: 
    CREATE TABLE IF NOT EXISTS archived_staging_data (
        work_year INT,
        experience_level VARCHAR(50),
        employment_type VARCHAR(50),
        job_title VARCHAR(100),
        salary DECIMAL(10, 2),
        salary_currency VARCHAR(10),
        salary_in_usd DECIMAL(10, 2),
        employee_residence VARCHAR(100),
        remote_ratio INT CHECK (remote_ratio IN (0, 50, 100)),
        company_location VARCHAR(100),
        company_size CHAR(1) CHECK (company_size IN ('S', 'M', 'L')),
        load_time TIMESTAMP WITH TIME ZONE DEFAULT CURRENT_TIMESTAMP
    );
    , parameters: None
[2024-10-16T11:36:17.271+0000] {taskinstance.py:340} INFO - ::group::Post task execution logs
[2024-10-16T11:36:17.271+0000] {taskinstance.py:352} INFO - Marking task as SUCCESS. dag_id=main_v10, task_id=create_archived_schema, run_id=manual__2024-10-16T11:36:15.228774+00:00, execution_date=20241016T113615, start_date=20241016T113616, end_date=20241016T113617
[2024-10-16T11:36:17.315+0000] {local_task_job_runner.py:266} INFO - Task exited with return code 0
[2024-10-16T11:36:17.329+0000] {local_task_job_runner.py:245} INFO - ::endgroup::
