[2024-10-15T17:42:40.372+0000] {local_task_job_runner.py:123} INFO - ::group::Pre task execution logs
[2024-10-15T17:42:40.393+0000] {taskinstance.py:2612} INFO - Dependencies all met for dep_context=non-requeueable deps ti=<TaskInstance: main_v10.create_dimensions manual__2024-10-15T17:42:39.484606+00:00 [queued]>
[2024-10-15T17:42:40.403+0000] {taskinstance.py:2612} INFO - Dependencies all met for dep_context=requeueable deps ti=<TaskInstance: main_v10.create_dimensions manual__2024-10-15T17:42:39.484606+00:00 [queued]>
[2024-10-15T17:42:40.403+0000] {taskinstance.py:2865} INFO - Starting attempt 1 of 6
[2024-10-15T17:42:40.536+0000] {taskinstance.py:2888} INFO - Executing <Task(MySqlOperator): create_dimensions> on 2024-10-15 17:42:39.484606+00:00
[2024-10-15T17:42:40.543+0000] {standard_task_runner.py:72} INFO - Started process 453 to run task
[2024-10-15T17:42:40.549+0000] {standard_task_runner.py:104} INFO - Running: ['***', 'tasks', 'run', 'main_v10', 'create_dimensions', 'manual__2024-10-15T17:42:39.484606+00:00', '--job-id', '22', '--raw', '--subdir', 'DAGS_FOLDER/main.py', '--cfg-path', '/tmp/tmpd5bem3ql']
[2024-10-15T17:42:40.552+0000] {standard_task_runner.py:105} INFO - Job 22: Subtask create_dimensions
[2024-10-15T17:42:40.598+0000] {task_command.py:467} INFO - Running <TaskInstance: main_v10.create_dimensions manual__2024-10-15T17:42:39.484606+00:00 [running]> on host d4bd6f97aac1
[2024-10-15T17:42:40.664+0000] {taskinstance.py:3131} INFO - Exporting env vars: AIRFLOW_CTX_DAG_OWNER='***' AIRFLOW_CTX_DAG_ID='main_v10' AIRFLOW_CTX_TASK_ID='create_dimensions' AIRFLOW_CTX_EXECUTION_DATE='2024-10-15T17:42:39.484606+00:00' AIRFLOW_CTX_TRY_NUMBER='1' AIRFLOW_CTX_DAG_RUN_ID='manual__2024-10-15T17:42:39.484606+00:00'
[2024-10-15T17:42:40.665+0000] {taskinstance.py:731} INFO - ::endgroup::
[2024-10-15T17:42:40.677+0000] {sql.py:274} INFO - Executing: 
    USE main;
    
    CREATE TABLE IF NOT EXISTS job_dim (
        job_id INT AUTO_INCREMENT PRIMARY KEY,
        job_title VARCHAR(100) NOT NULL,
        experience_level VARCHAR(50) NOT NULL,
        employment_type VARCHAR(50) NOT NULL
    );
    
    CREATE TABLE IF NOT EXISTS employee_dim (
        employee_id INT AUTO_INCREMENT PRIMARY KEY,
        employee_residence VARCHAR(100) NOT NULL
    );
    
    CREATE TABLE IF NOT EXISTS company_dim (
        company_id INT AUTO_INCREMENT PRIMARY KEY,
        company_location VARCHAR(100) NOT NULL,
        company_size VARCHAR(20) NOT NULL,
        remote_ratio INT NOT NULL
    );
    
    CREATE TABLE IF NOT EXISTS currency_dim (
        currency_id INT AUTO_INCREMENT PRIMARY KEY,
        salary_currency CHAR(10) NOT NULL
    );
    
[2024-10-15T17:42:40.684+0000] {base.py:84} INFO - Retrieving connection 'mariadb'
[2024-10-15T17:42:40.691+0000] {base.py:84} INFO - Retrieving connection 'mariadb'
[2024-10-15T17:42:40.704+0000] {sql.py:418} INFO - Running statement: 
    USE main;
    
    CREATE TABLE IF NOT EXISTS job_dim (
        job_id INT AUTO_INCREMENT PRIMARY KEY,
        job_title VARCHAR(100) NOT NULL,
        experience_level VARCHAR(50) NOT NULL,
        employment_type VARCHAR(50) NOT NULL
    );
    
    CREATE TABLE IF NOT EXISTS employee_dim (
        employee_id INT AUTO_INCREMENT PRIMARY KEY,
        employee_residence VARCHAR(100) NOT NULL
    );
    
    CREATE TABLE IF NOT EXISTS company_dim (
        company_id INT AUTO_INCREMENT PRIMARY KEY,
        company_location VARCHAR(100) NOT NULL,
        company_size VARCHAR(20) NOT NULL,
        remote_ratio INT NOT NULL
    );
    
    CREATE TABLE IF NOT EXISTS currency_dim (
        currency_id INT AUTO_INCREMENT PRIMARY KEY,
        salary_currency CHAR(10) NOT NULL
    );
    , parameters: None
[2024-10-15T17:42:40.704+0000] {sql.py:427} INFO - Rows affected: 0
[2024-10-15T17:42:40.712+0000] {taskinstance.py:340} INFO - ::group::Post task execution logs
[2024-10-15T17:42:40.713+0000] {taskinstance.py:352} INFO - Marking task as SUCCESS. dag_id=main_v10, task_id=create_dimensions, run_id=manual__2024-10-15T17:42:39.484606+00:00, execution_date=20241015T174239, start_date=20241015T174240, end_date=20241015T174240
[2024-10-15T17:42:40.759+0000] {local_task_job_runner.py:266} INFO - Task exited with return code 0
[2024-10-15T17:42:40.778+0000] {local_task_job_runner.py:245} INFO - ::endgroup::
