[2024-10-15T17:54:43.951+0000] {local_task_job_runner.py:123} INFO - ::group::Pre task execution logs
[2024-10-15T17:54:43.970+0000] {taskinstance.py:2612} INFO - Dependencies all met for dep_context=non-requeueable deps ti=<TaskInstance: main_v10.transform manual__2024-10-15T17:54:26.950715+00:00 [queued]>
[2024-10-15T17:54:43.979+0000] {taskinstance.py:2612} INFO - Dependencies all met for dep_context=requeueable deps ti=<TaskInstance: main_v10.transform manual__2024-10-15T17:54:26.950715+00:00 [queued]>
[2024-10-15T17:54:43.980+0000] {taskinstance.py:2865} INFO - Starting attempt 1 of 6
[2024-10-15T17:54:44.102+0000] {taskinstance.py:2888} INFO - Executing <Task(PythonOperator): transform> on 2024-10-15 17:54:26.950715+00:00
[2024-10-15T17:54:44.108+0000] {standard_task_runner.py:72} INFO - Started process 1680 to run task
[2024-10-15T17:54:44.115+0000] {standard_task_runner.py:104} INFO - Running: ['***', 'tasks', 'run', 'main_v10', 'transform', 'manual__2024-10-15T17:54:26.950715+00:00', '--job-id', '45', '--raw', '--subdir', 'DAGS_FOLDER/main.py', '--cfg-path', '/tmp/tmpme_b40ik']
[2024-10-15T17:54:44.120+0000] {standard_task_runner.py:105} INFO - Job 45: Subtask transform
[2024-10-15T17:54:44.168+0000] {task_command.py:467} INFO - Running <TaskInstance: main_v10.transform manual__2024-10-15T17:54:26.950715+00:00 [running]> on host d4bd6f97aac1
[2024-10-15T17:54:44.252+0000] {taskinstance.py:3131} INFO - Exporting env vars: AIRFLOW_CTX_DAG_OWNER='***' AIRFLOW_CTX_DAG_ID='main_v10' AIRFLOW_CTX_TASK_ID='transform' AIRFLOW_CTX_EXECUTION_DATE='2024-10-15T17:54:26.950715+00:00' AIRFLOW_CTX_TRY_NUMBER='1' AIRFLOW_CTX_DAG_RUN_ID='manual__2024-10-15T17:54:26.950715+00:00'
[2024-10-15T17:54:44.253+0000] {taskinstance.py:731} INFO - ::endgroup::
[2024-10-15T17:54:52.064+0000] {logging_mixin.py:190} INFO - root
 |-- work_year: double (nullable = true)
 |-- experience_level: string (nullable = true)
 |-- employment_type: string (nullable = true)
 |-- job_title: string (nullable = true)
 |-- salary: double (nullable = true)
 |-- salary_currency: string (nullable = true)
 |-- salary_in_usd: double (nullable = true)
 |-- employee_residence: string (nullable = true)
 |-- remote_ratio: string (nullable = true)
 |-- company_location: string (nullable = true)
 |-- company_size: string (nullable = true)
[2024-10-15T17:54:52.401+0000] {logging_mixin.py:190} INFO - StructType([StructField('work_year', IntegerType(), True), StructField('experience_level', StringType(), True), StructField('employment_type', StringType(), True), StructField('job_title', StringType(), True), StructField('salary', DoubleType(), True), StructField('salary_currency', StringType(), True), StructField('salary_in_usd', DoubleType(), True), StructField('employee_residence', StringType(), True), StructField('remote_ratio', IntegerType(), True), StructField('company_location', StringType(), True), StructField('company_size', StringType(), True)])
[2024-10-15T17:54:53.630+0000] {python.py:240} INFO - Done. Returned value was: None
[2024-10-15T17:54:53.639+0000] {taskinstance.py:340} INFO - ::group::Post task execution logs
[2024-10-15T17:54:53.640+0000] {taskinstance.py:352} INFO - Marking task as SUCCESS. dag_id=main_v10, task_id=transform, run_id=manual__2024-10-15T17:54:26.950715+00:00, execution_date=20241015T175426, start_date=20241015T175443, end_date=20241015T175453
[2024-10-15T17:54:53.687+0000] {local_task_job_runner.py:266} INFO - Task exited with return code 0
[2024-10-15T17:54:53.714+0000] {taskinstance.py:3900} INFO - 1 downstream tasks scheduled from follow-on schedule check
[2024-10-15T17:54:53.715+0000] {local_task_job_runner.py:245} INFO - ::endgroup::
