[2024-10-15T18:09:56.088+0000] {local_task_job_runner.py:123} INFO - ::group::Pre task execution logs
[2024-10-15T18:09:56.108+0000] {taskinstance.py:2612} INFO - Dependencies all met for dep_context=non-requeueable deps ti=<TaskInstance: main_v10.create_archive_function manual__2024-10-15T18:09:52.526467+00:00 [queued]>
[2024-10-15T18:09:56.117+0000] {taskinstance.py:2612} INFO - Dependencies all met for dep_context=requeueable deps ti=<TaskInstance: main_v10.create_archive_function manual__2024-10-15T18:09:52.526467+00:00 [queued]>
[2024-10-15T18:09:56.118+0000] {taskinstance.py:2865} INFO - Starting attempt 1 of 6
[2024-10-15T18:09:56.241+0000] {taskinstance.py:2888} INFO - Executing <Task(PostgresOperator): create_archive_function> on 2024-10-15 18:09:52.526467+00:00
[2024-10-15T18:09:56.248+0000] {standard_task_runner.py:72} INFO - Started process 3084 to run task
[2024-10-15T18:09:56.255+0000] {standard_task_runner.py:104} INFO - Running: ['***', 'tasks', 'run', 'main_v10', 'create_archive_function', 'manual__2024-10-15T18:09:52.526467+00:00', '--job-id', '60', '--raw', '--subdir', 'DAGS_FOLDER/main.py', '--cfg-path', '/tmp/tmpcl0esuse']
[2024-10-15T18:09:56.260+0000] {standard_task_runner.py:105} INFO - Job 60: Subtask create_archive_function
[2024-10-15T18:09:56.312+0000] {task_command.py:467} INFO - Running <TaskInstance: main_v10.create_archive_function manual__2024-10-15T18:09:52.526467+00:00 [running]> on host d4bd6f97aac1
[2024-10-15T18:09:56.385+0000] {taskinstance.py:3131} INFO - Exporting env vars: AIRFLOW_CTX_DAG_OWNER='***' AIRFLOW_CTX_DAG_ID='main_v10' AIRFLOW_CTX_TASK_ID='create_archive_function' AIRFLOW_CTX_EXECUTION_DATE='2024-10-15T18:09:52.526467+00:00' AIRFLOW_CTX_TRY_NUMBER='1' AIRFLOW_CTX_DAG_RUN_ID='manual__2024-10-15T18:09:52.526467+00:00'
[2024-10-15T18:09:56.386+0000] {taskinstance.py:731} INFO - ::endgroup::
[2024-10-15T18:09:56.395+0000] {sql.py:274} INFO - Executing: 
    CREATE OR REPLACE FUNCTION archive_old_data()
    RETURNS void AS $$
    BEGIN
        INSERT INTO archived_staging_data
        SELECT * FROM staging_data 
        WHERE load_time < current_timestamp - INTERVAL '1 hour';

        DELETE FROM staging_data
        WHERE load_time < current_timestamp - INTERVAL '1 hour';
    END;
    $$ LANGUAGE PLPGSQL;
    
[2024-10-15T18:09:56.403+0000] {base.py:84} INFO - Retrieving connection 'postgresid'
[2024-10-15T18:09:56.411+0000] {base.py:84} INFO - Retrieving connection 'postgresid'
[2024-10-15T18:09:56.416+0000] {sql.py:418} INFO - Running statement: 
    CREATE OR REPLACE FUNCTION archive_old_data()
    RETURNS void AS $$
    BEGIN
        INSERT INTO archived_staging_data
        SELECT * FROM staging_data 
        WHERE load_time < current_timestamp - INTERVAL '1 hour';

        DELETE FROM staging_data
        WHERE load_time < current_timestamp - INTERVAL '1 hour';
    END;
    $$ LANGUAGE PLPGSQL;
    , parameters: None
[2024-10-15T18:09:56.426+0000] {taskinstance.py:340} INFO - ::group::Post task execution logs
[2024-10-15T18:09:56.426+0000] {taskinstance.py:352} INFO - Marking task as SUCCESS. dag_id=main_v10, task_id=create_archive_function, run_id=manual__2024-10-15T18:09:52.526467+00:00, execution_date=20241015T180952, start_date=20241015T180956, end_date=20241015T180956
[2024-10-15T18:09:56.464+0000] {local_task_job_runner.py:266} INFO - Task exited with return code 0
[2024-10-15T18:09:56.532+0000] {taskinstance.py:3900} INFO - 1 downstream tasks scheduled from follow-on schedule check
[2024-10-15T18:09:56.536+0000] {local_task_job_runner.py:245} INFO - ::endgroup::
