[2024-10-16T19:47:23.965+0000] {local_task_job_runner.py:123} INFO - ::group::Pre task execution logs
[2024-10-16T19:47:23.986+0000] {taskinstance.py:2612} INFO - Dependencies all met for dep_context=non-requeueable deps ti=<TaskInstance: main_v10.run_archive_function manual__2024-10-16T19:47:19.764937+00:00 [queued]>
[2024-10-16T19:47:23.998+0000] {taskinstance.py:2612} INFO - Dependencies all met for dep_context=requeueable deps ti=<TaskInstance: main_v10.run_archive_function manual__2024-10-16T19:47:19.764937+00:00 [queued]>
[2024-10-16T19:47:23.999+0000] {taskinstance.py:2865} INFO - Starting attempt 1 of 6
[2024-10-16T19:47:24.123+0000] {taskinstance.py:2888} INFO - Executing <Task(PostgresOperator): run_archive_function> on 2024-10-16 19:47:19.764937+00:00
[2024-10-16T19:47:24.128+0000] {standard_task_runner.py:72} INFO - Started process 2119 to run task
[2024-10-16T19:47:24.133+0000] {standard_task_runner.py:104} INFO - Running: ['***', 'tasks', 'run', 'main_v10', 'run_archive_function', 'manual__2024-10-16T19:47:19.764937+00:00', '--job-id', '99', '--raw', '--subdir', 'DAGS_FOLDER/main.py', '--cfg-path', '/tmp/tmpz7pqn901']
[2024-10-16T19:47:24.135+0000] {standard_task_runner.py:105} INFO - Job 99: Subtask run_archive_function
[2024-10-16T19:47:24.177+0000] {task_command.py:467} INFO - Running <TaskInstance: main_v10.run_archive_function manual__2024-10-16T19:47:19.764937+00:00 [running]> on host ff82e7275d8f
[2024-10-16T19:47:24.247+0000] {taskinstance.py:3131} INFO - Exporting env vars: AIRFLOW_CTX_DAG_OWNER='***' AIRFLOW_CTX_DAG_ID='main_v10' AIRFLOW_CTX_TASK_ID='run_archive_function' AIRFLOW_CTX_EXECUTION_DATE='2024-10-16T19:47:19.764937+00:00' AIRFLOW_CTX_TRY_NUMBER='1' AIRFLOW_CTX_DAG_RUN_ID='manual__2024-10-16T19:47:19.764937+00:00'
[2024-10-16T19:47:24.247+0000] {taskinstance.py:731} INFO - ::endgroup::
[2024-10-16T19:47:24.257+0000] {sql.py:274} INFO - Executing: SELECT archive_old_data();
[2024-10-16T19:47:24.266+0000] {base.py:84} INFO - Retrieving connection 'postgresid'
[2024-10-16T19:47:24.273+0000] {base.py:84} INFO - Retrieving connection 'postgresid'
[2024-10-16T19:47:24.277+0000] {sql.py:418} INFO - Running statement: SELECT archive_old_data();, parameters: None
[2024-10-16T19:47:24.338+0000] {sql.py:427} INFO - Rows affected: 1
[2024-10-16T19:47:24.377+0000] {taskinstance.py:340} INFO - ::group::Post task execution logs
[2024-10-16T19:47:24.378+0000] {taskinstance.py:352} INFO - Marking task as SUCCESS. dag_id=main_v10, task_id=run_archive_function, run_id=manual__2024-10-16T19:47:19.764937+00:00, execution_date=20241016T194719, start_date=20241016T194723, end_date=20241016T194724
[2024-10-16T19:47:24.424+0000] {local_task_job_runner.py:266} INFO - Task exited with return code 0
[2024-10-16T19:47:24.493+0000] {taskinstance.py:3900} INFO - 0 downstream tasks scheduled from follow-on schedule check
[2024-10-16T19:47:24.508+0000] {local_task_job_runner.py:245} INFO - ::endgroup::
