[2024-10-15T18:06:01.444+0000] {local_task_job_runner.py:123} INFO - ::group::Pre task execution logs
[2024-10-15T18:06:01.462+0000] {taskinstance.py:2612} INFO - Dependencies all met for dep_context=non-requeueable deps ti=<TaskInstance: main_v10.create_archived_schema manual__2024-10-15T18:05:59.787168+00:00 [queued]>
[2024-10-15T18:06:01.472+0000] {taskinstance.py:2612} INFO - Dependencies all met for dep_context=requeueable deps ti=<TaskInstance: main_v10.create_archived_schema manual__2024-10-15T18:05:59.787168+00:00 [queued]>
[2024-10-15T18:06:01.472+0000] {taskinstance.py:2865} INFO - Starting attempt 1 of 6
[2024-10-15T18:06:01.601+0000] {taskinstance.py:2888} INFO - Executing <Task(PostgresOperator): create_archived_schema> on 2024-10-15 18:05:59.787168+00:00
[2024-10-15T18:06:01.607+0000] {standard_task_runner.py:72} INFO - Started process 2335 to run task
[2024-10-15T18:06:01.612+0000] {standard_task_runner.py:104} INFO - Running: ['***', 'tasks', 'run', 'main_v10', 'create_archived_schema', 'manual__2024-10-15T18:05:59.787168+00:00', '--job-id', '50', '--raw', '--subdir', 'DAGS_FOLDER/main.py', '--cfg-path', '/tmp/tmplebpcl46']
[2024-10-15T18:06:01.616+0000] {standard_task_runner.py:105} INFO - Job 50: Subtask create_archived_schema
[2024-10-15T18:06:01.666+0000] {task_command.py:467} INFO - Running <TaskInstance: main_v10.create_archived_schema manual__2024-10-15T18:05:59.787168+00:00 [running]> on host d4bd6f97aac1
[2024-10-15T18:06:01.736+0000] {taskinstance.py:3131} INFO - Exporting env vars: AIRFLOW_CTX_DAG_OWNER='***' AIRFLOW_CTX_DAG_ID='main_v10' AIRFLOW_CTX_TASK_ID='create_archived_schema' AIRFLOW_CTX_EXECUTION_DATE='2024-10-15T18:05:59.787168+00:00' AIRFLOW_CTX_TRY_NUMBER='1' AIRFLOW_CTX_DAG_RUN_ID='manual__2024-10-15T18:05:59.787168+00:00'
[2024-10-15T18:06:01.736+0000] {taskinstance.py:731} INFO - ::endgroup::
[2024-10-15T18:06:01.746+0000] {sql.py:274} INFO - Executing: 
    CREATE TABLE IF NOT EXISTS archived_staging_data (
        work_year INT,
        experience_level VARCHAR(50),
        employment_type VARCHAR(50),
        job_title VARCHAR(100),
        salary DECIMAL(10, 2),
        salary_currency VARCHAR(10),
        salary_in_usd DECIMAL(10, 2),
        employee_residence VARCHAR(100),
        remote_ratio INT CHECK (remote_ratio IN (0, 50, 100)),
        company_location VARCHAR(100),
        company_size CHAR(1) CHECK (company_size IN ('S', 'M', 'L')),
        load_time TIMESTAMP WITH TIME ZONE DEFAULT CURRENT_TIMESTAMP
    );
    
[2024-10-15T18:06:01.754+0000] {base.py:84} INFO - Retrieving connection 'postgresid'
[2024-10-15T18:06:01.761+0000] {base.py:84} INFO - Retrieving connection 'postgresid'
[2024-10-15T18:06:01.765+0000] {sql.py:418} INFO - Running statement: 
    CREATE TABLE IF NOT EXISTS archived_staging_data (
        work_year INT,
        experience_level VARCHAR(50),
        employment_type VARCHAR(50),
        job_title VARCHAR(100),
        salary DECIMAL(10, 2),
        salary_currency VARCHAR(10),
        salary_in_usd DECIMAL(10, 2),
        employee_residence VARCHAR(100),
        remote_ratio INT CHECK (remote_ratio IN (0, 50, 100)),
        company_location VARCHAR(100),
        company_size CHAR(1) CHECK (company_size IN ('S', 'M', 'L')),
        load_time TIMESTAMP WITH TIME ZONE DEFAULT CURRENT_TIMESTAMP
    );
    , parameters: None
[2024-10-15T18:06:01.773+0000] {taskinstance.py:340} INFO - ::group::Post task execution logs
[2024-10-15T18:06:01.773+0000] {taskinstance.py:352} INFO - Marking task as SUCCESS. dag_id=main_v10, task_id=create_archived_schema, run_id=manual__2024-10-15T18:05:59.787168+00:00, execution_date=20241015T180559, start_date=20241015T180601, end_date=20241015T180601
[2024-10-15T18:06:01.822+0000] {local_task_job_runner.py:266} INFO - Task exited with return code 0
[2024-10-15T18:06:01.842+0000] {local_task_job_runner.py:245} INFO - ::endgroup::
